<?xml version="1.0" encoding="UTF-8"?>
<robot generator="Robot 6.0.2 (Python 3.10.6 on linux)" generated="20230413 11:12:35.661" rpa="false" schemaversion="3">
<suite id="s1" name="Robot Test" source="/home/test/Desktop/robot_test/robot_test.robot">
<test id="s1-t1" name="STEP 1 Date" line="9">
<kw name="Get Current Date" library="DateTime">
<var>${date}</var>
<arg>result_format=%D/%M/%Y %H:%M:%S</arg>
<doc>Returns current local or UTC time with an optional increment.</doc>
<msg timestamp="20230413 11:12:35.708" level="INFO">${date} = 04/13/23/12/2023 11:12:35</msg>
<status status="PASS" starttime="20230413 11:12:35.708" endtime="20230413 11:12:35.708"/>
</kw>
<kw name="Log To Console" library="BuiltIn">
<arg>CURRENT TIME AND DATE ${date}</arg>
<doc>Logs the given message to the console.</doc>
<status status="PASS" starttime="20230413 11:12:35.708" endtime="20230413 11:12:35.708"/>
</kw>
<kw name="Create Session" library="RequestsLibrary">
<arg>get_time</arg>
<arg>${base_url}</arg>
<doc>Create Session: create a HTTP session to a server</doc>
<msg timestamp="20230413 11:12:35.708" level="INFO">Creating Session using : alias=get_time, url=https://timeapi.io/, headers={},                     cookies={}, auth=None, timeout=None, proxies=None, verify=False,                     debug=0 </msg>
<status status="PASS" starttime="20230413 11:12:35.708" endtime="20230413 11:12:35.709"/>
</kw>
<kw name="GET On Session" library="RequestsLibrary">
<var>${response}</var>
<arg>get_time</arg>
<arg>url=api/Time/current/zone?timeZone=Europe/</arg>
<doc>Sends a GET request on a previously created HTTP Session.</doc>
<msg timestamp="20230413 11:12:35.911" level="INFO">GET Request : url=https://timeapi.io/api/Time/current/zone?timeZone=Europe/ 
 path_url=/api/Time/current/zone?timeZone=Europe/ 
 headers={'User-Agent': 'python-requests/2.25.1', 'Accept-Encoding': 'gzip, deflate', 'Accept': '*/*', 'Connection': 'keep-alive'} 
 body=None 
 </msg>
<msg timestamp="20230413 11:12:35.911" level="INFO">GET Response : url=https://timeapi.io/api/Time/current/zone?timeZone=Europe/ 
 status=400, reason=Bad Request 
 headers={'Server': 'nginx/1.18.0 (Ubuntu)', 'Date': 'Thu, 13 Apr 2023 08:12:35 GMT', 'Content-Type': 'application/json; charset=utf-8', 'Transfer-Encoding': 'chunked', 'Connection': 'keep-alive', 'Content-Encoding': 'gzip', 'Vary': 'Accept-Encoding'} 
 body="Invalid Timezone" 
 </msg>
<msg timestamp="20230413 11:12:35.911" level="INFO">/usr/lib/python3/dist-packages/urllib3/connectionpool.py:1015: InsecureRequestWarning: Unverified HTTPS request is being made to host 'timeapi.io'. Adding certificate verification is strongly advised. See: https://urllib3.readthedocs.io/en/latest/advanced-usage.html#ssl-warnings
  warnings.warn(</msg>
<msg timestamp="20230413 11:12:35.912" level="FAIL">HTTPError: 400 Client Error: Bad Request for url: https://timeapi.io/api/Time/current/zone?timeZone=Europe/</msg>
<status status="FAIL" starttime="20230413 11:12:35.709" endtime="20230413 11:12:35.914"/>
</kw>
<kw name="Log To Console" library="BuiltIn">
<arg>${response.status_code}</arg>
<doc>Logs the given message to the console.</doc>
<status status="NOT RUN" starttime="20230413 11:12:35.914" endtime="20230413 11:12:35.914"/>
</kw>
<status status="FAIL" starttime="20230413 11:12:35.707" endtime="20230413 11:12:35.914">HTTPError: 400 Client Error: Bad Request for url: https://timeapi.io/api/Time/current/zone?timeZone=Europe/</status>
</test>
<status status="FAIL" starttime="20230413 11:12:35.662" endtime="20230413 11:12:35.920"/>
</suite>
<statistics>
<total>
<stat pass="0" fail="1" skip="0">All Tests</stat>
</total>
<tag>
</tag>
<suite>
<stat pass="0" fail="1" skip="0" id="s1" name="Robot Test">Robot Test</stat>
</suite>
</statistics>
<errors>
</errors>
</robot>
